✅ 已生成顶级视觉架构: G:\Obsidian-vault\Wiki\index.html  (处理了 90 个节点)
[OK] 复用 generate-wiki-html.py 解析函数（importlib 加载）
[1/4] 读取 MOC: 视频创作快速导航.md
       发现 12 个章节
         1. 🚀 0. 一次性总入口
         2. 1️⃣ 第一步：定故事
         3. 2️⃣ 第二步：写剧本
         4. 3️⃣ 第三步：定分镜
         5. 4️⃣ 第四步：定镜头语言
         6. 5️⃣ 第五步：定光影
         7. 6️⃣ 第六步：定人物、动作、声音
         8. 7️⃣ 第七步：写提示词
         9. 8️⃣ 第八步：检查与修正
         10. 9️⃣ 第九步：环境与场景
         11. 🔍 横向工具栏（不绑特定步骤）
         12. 📍 完整 9 步流程回看
[2/4] 收集引用页面...
       找到 65 个页面
[3/4] 渲染 HTML...
[4/4] 写入: G:\Obsidian-vault\Tools\output\视频创作手册.html
[DONE] 385.4 KB · 65 个页面已内嵌
       路径: G:\Obsidian-vault\Tools\output\视频创作手册.html
