2026-06-21T06:51:33.910Z sdk ensureClient start
2026-06-21T06:51:33.910Z sdk env node=22.22.1 electron=39.8.3 chrome=142.0.7444.265 processType=renderer
2026-06-21T06:51:33.910Z sdk ensureClient load bundled opencode sdk begin
2026-06-21T06:51:33.911Z sdk ensureClient load bundled opencode sdk ok
2026-06-21T06:51:33.914Z sdk ensureServiceBaseUrl probe failed http://127.0.0.1:4096
2026-06-21T06:51:33.914Z sdk ensureServiceBaseUrl launch local opencode serve
2026-06-21T06:51:33.917Z sdk ensureClient start
2026-06-21T06:51:33.917Z sdk env node=22.22.1 electron=39.8.3 chrome=142.0.7444.265 processType=renderer
2026-06-21T06:51:33.917Z sdk ensureClient load bundled opencode sdk begin
2026-06-21T06:51:33.917Z sdk ensureClient load bundled opencode sdk ok
2026-06-21T06:51:33.921Z sdk ensureServiceBaseUrl probe failed http://127.0.0.1:4096
2026-06-21T06:51:33.921Z sdk ensureServiceBaseUrl launch local opencode serve
2026-06-21T06:51:33.923Z sdk ensureClient start
2026-06-21T06:51:33.923Z sdk env node=22.22.1 electron=39.8.3 chrome=142.0.7444.265 processType=renderer
2026-06-21T06:51:33.923Z sdk ensureClient load bundled opencode sdk begin
2026-06-21T06:51:33.923Z sdk ensureClient load bundled opencode sdk ok
2026-06-21T06:51:33.924Z sdk ensureServiceBaseUrl probe failed http://127.0.0.1:4096
2026-06-21T06:51:33.924Z sdk ensureServiceBaseUrl launch local opencode serve
2026-06-21T06:51:52.647Z sdk ensureClient start
2026-06-21T06:51:52.648Z sdk env node=22.22.1 electron=39.8.3 chrome=142.0.7444.265 processType=renderer
2026-06-21T06:51:52.648Z sdk ensureClient load bundled opencode sdk begin
2026-06-21T06:51:52.648Z sdk ensureClient load bundled opencode sdk ok
2026-06-21T06:51:52.653Z sdk ensureServiceBaseUrl probe failed http://127.0.0.1:4096
2026-06-21T06:51:52.653Z sdk ensureServiceBaseUrl launch local opencode serve
